<?xml version="1.0" encoding="UTF-8"?>
<!-- Generated by org.testng.reporters.JUnitReportReporter -->
<testsuite hostname="DESKTOP-SAIL2E2" failures="0" tests="3" name="practiceTest.GetProductInfoTest" time="32.640" errors="0" timestamp="04 Jul 2025 12:06:11 GMT" skipped="0">
  <testcase classname="practiceTest.GetProductInfoTest" name="getProductInfoTest" time="8.929"/>
  <testcase classname="practiceTest.GetProductInfoTest" name="getProductInfoTest" time="12.480"/>
  <testcase classname="practiceTest.GetProductInfoTest" name="getProductInfoTest" time="11.231"/>
</testsuite> <!-- practiceTest.GetProductInfoTest -->
