<?xml version="1.0" encoding="UTF-8"?>
<!-- Generated by org.testng.reporters.JUnitReportReporter -->
<testsuite hostname="DESKTOP-SAIL2E2" failures="0" tests="2" name="practice.homepagetest.HomePageVerificationTest" time="18.557" errors="0" timestamp="10 Jul 2025 06:46:46 GMT" skipped="0">
  <testcase classname="practice.homepagetest.HomePageVerificationTest" name="homepageTest" time="12.667"/>
  <testcase classname="practice.homepagetest.HomePageVerificationTest" name="verifyLogoTest" time="5.890"/>
</testsuite> <!-- practice.homepagetest.HomePageVerificationTest -->
