<?xml version="1.0" encoding="UTF-8"?>
<!-- Generated by org.testng.reporters.JUnitReportReporter -->
<testsuite hostname="DESKTOP-SAIL2E2" failures="0" tests="1" name="practiceTest.SampleTestForScreenshot" time="8.396" errors="0" timestamp="10 Jul 2025 08:08:43 GMT" skipped="0">
  <testcase classname="practiceTest.SampleTestForScreenshot" name="amazonTest" time="8.396"/>
</testsuite> <!-- practiceTest.SampleTestForScreenshot -->
